<?xml version="1.0" encoding="UTF-8"?>
<!-- Generated by org.testng.reporters.JUnitReportReporter -->
<testsuite skipped="0" hostname="DESKTOP-TJBBNKL" name="testcase.CreateLeadTest" tests="1" failures="0" timestamp="2023-09-22T11:59:28 IST" time="19.849" errors="0">
  <testcase name="runRreateLead" time="19.849" classname="testcase.CreateLeadTest"/>
  <system-out/>
</testsuite> <!-- testcase.CreateLeadTest -->
