<?xml version="1.0" encoding="UTF-8"?>
<!-- Generated by org.testng.reporters.JUnitReportReporter -->
<testsuite skipped="0" hostname="DESKTOP-TJBBNKL" name="testcase.LoginTest" tests="2" failures="0" timestamp="2023-09-22T11:55:30 IST" time="26.906" errors="0">
  <testcase name="runLoginTest" time="19.226" classname="testcase.LoginTest"/>
  <system-out/>
  <testcase name="runLoginTest" time="7.680" classname="testcase.LoginTest"/>
  <system-out/>
</testsuite> <!-- testcase.LoginTest -->
