<?xml version="1.0" encoding="UTF-8"?>
<!-- Generated by org.testng.reporters.JUnitReportReporter -->
<testsuite skipped="0" hostname="DESKTOP-TJBBNKL" name="runner.CucumberRunner" tests="4" failures="0" timestamp="2023-10-02T18:39:34 IST" time="29.904" errors="0">
  <testcase name="runScenario" time="4.705" classname="runner.CucumberRunner"/>
  <system-out/>
  <testcase name="runScenario" time="9.348" classname="runner.CucumberRunner"/>
  <system-out/>
  <testcase name="runScenario" time="5.822" classname="runner.CucumberRunner"/>
  <system-out/>
  <testcase name="runScenario" time="10.029" classname="runner.CucumberRunner"/>
  <system-out/>
</testsuite> <!-- runner.CucumberRunner -->
